2013-10-28 20:52:21: select id, external_id, AES_DECRYPT(name,'h8zukuqeteSw') as name, AES_DECRYPT(aws_key,'h8zukuqeteSw') as aws_key, AES_DECRYPT(secret_key,'h8zukuqeteSw') as secret_key from account where customer_id = ? AND deleted = 0; [7]
2013-10-28 20:52:21: select account_id, billing_bucket from master_account where customer_id = ?; [7]
2013-10-28 20:52:22: select ? as type, type_id, type_name, sub_type_id, sub_type_name from service_provider_menu_v where customer_id = ?; [provider, 7]
2013-10-28 20:52:22: select format(ifnull(sum(estimate), 0), 2) as value, concat("Last Updated", history_date) as tooltip, "Projection" as label from service_provider_projection_v where customer_id = ?; [7]
2013-10-28 20:52:22: select format(ifnull(sum(cost), 0), 2) as value, "Last Month" as label from billing_history_v where customer_id = ? AND month(history_date) = month(now() - interval 30 day) AND year(history_date) = year(now() - interval 30 day); [7]
2013-10-28 20:52:22: select format(ifnull(sum(cost), 0), 2) as value, month(history_date) != month(now()) as month_index, date_format(history_date, "%M") as label from billing_history_v where customer_id = ? AND date_format(history_date, "%Y-%m") in (date_format(now(), "%Y-%m"),date_format(now() - interval 30 day, "%Y-%m")) group by month(history_date) order by history_date; [7]
2013-10-28 20:52:22: select format(ifnull(sum(cost), 0), 2) as cost, history_date > (curdate() - interval ? day) as month_index from billing_history_v where customer_id = ? AND history_date > curdate() - interval ? day group by history_date; [30, 7, 60]
2013-10-28 20:52:22: select format(ifnull(sum(cost), 0), 2) as cost, history_date > (curdate() - interval ? day) as month_index from billing_history_v where customer_id = ? AND history_date > curdate() - interval ? day group by history_date; [7, 7, 14]
2013-10-28 20:52:22: select history_date, format(ifnull(sum(cost), 0), 2) as total from billing_history_v where customer_id = ? AND history_date >= curdate() - interval 30 day AND history_date < curdate() group by history_date order by history_date asc limit 30; [7]
2013-10-28 20:53:17: select id, external_id, AES_DECRYPT(name,'h8zukuqeteSw') as name, AES_DECRYPT(aws_key,'h8zukuqeteSw') as aws_key, AES_DECRYPT(secret_key,'h8zukuqeteSw') as secret_key from account where customer_id = ? AND deleted = 0; [7]
2013-10-28 20:53:17: select account_id, billing_bucket from master_account where customer_id = ?; [7]
2013-10-28 20:53:19: select ? as type, type_id, type_name, sub_type_id, sub_type_name from service_provider_menu_v where customer_id = ?; [provider, 7]
2013-10-28 20:53:19: select format(ifnull(sum(estimate), 0), 2) as value, concat("Last Updated", history_date) as tooltip, "Projection" as label from service_provider_projection_v where customer_id = ?; [7]
2013-10-28 20:53:19: select format(ifnull(sum(cost), 0), 2) as value, "Last Month" as label from billing_history_v where customer_id = ? AND month(history_date) = month(now() - interval 30 day) AND year(history_date) = year(now() - interval 30 day); [7]
2013-10-28 20:53:19: select format(ifnull(sum(cost), 0), 2) as value, month(history_date) != month(now()) as month_index, date_format(history_date, "%M") as label from billing_history_v where customer_id = ? AND date_format(history_date, "%Y-%m") in (date_format(now(), "%Y-%m"),date_format(now() - interval 30 day, "%Y-%m")) group by month(history_date) order by history_date; [7]
2013-10-28 20:53:19: select format(ifnull(sum(cost), 0), 2) as cost, history_date > (curdate() - interval ? day) as month_index from billing_history_v where customer_id = ? AND history_date > curdate() - interval ? day group by history_date; [30, 7, 60]
2013-10-28 20:53:19: select format(ifnull(sum(cost), 0), 2) as cost, history_date > (curdate() - interval ? day) as month_index from billing_history_v where customer_id = ? AND history_date > curdate() - interval ? day group by history_date; [7, 7, 14]
2013-10-28 20:53:19: select history_date, format(ifnull(sum(cost), 0), 2) as total from billing_history_v where customer_id = ? AND history_date >= curdate() - interval 30 day AND history_date < curdate() group by history_date order by history_date asc limit 30; [7]
2013-10-28 20:53:52: select id, external_id, AES_DECRYPT(name,'h8zukuqeteSw') as name, AES_DECRYPT(aws_key,'h8zukuqeteSw') as aws_key, AES_DECRYPT(secret_key,'h8zukuqeteSw') as secret_key from account where customer_id = ? AND deleted = 0; [7]
2013-10-28 20:53:52: select account_id, billing_bucket from master_account where customer_id = ?; [7]
2013-10-28 20:54:10: select id, external_id, AES_DECRYPT(name,'h8zukuqeteSw') as name, AES_DECRYPT(aws_key,'h8zukuqeteSw') as aws_key, AES_DECRYPT(secret_key,'h8zukuqeteSw') as secret_key from account where customer_id = ? AND deleted = 0; [7]
2013-10-28 20:54:10: select account_id, billing_bucket from master_account where customer_id = ?; [7]
2013-10-28 20:54:11: select ? as type, type_id, type_name, sub_type_id, sub_type_name from service_provider_menu_v where customer_id = ?; [provider, 7]
2013-10-28 20:54:11: select format(ifnull(sum(estimate), 0), 2) as value, concat("Last Updated", history_date) as tooltip, "Projection" as label from service_provider_projection_v where customer_id = ?; [7]
2013-10-28 20:54:11: select format(ifnull(sum(cost), 0), 2) as value, "Last Month" as label from billing_history_v where customer_id = ? AND month(history_date) = month(now() - interval 30 day) AND year(history_date) = year(now() - interval 30 day); [7]
2013-10-28 20:54:11: select format(ifnull(sum(cost), 0), 2) as value, month(history_date) != month(now()) as month_index, date_format(history_date, "%M") as label from billing_history_v where customer_id = ? AND date_format(history_date, "%Y-%m") in (date_format(now(), "%Y-%m"),date_format(now() - interval 30 day, "%Y-%m")) group by month(history_date) order by history_date; [7]
2013-10-28 20:54:11: select format(ifnull(sum(cost), 0), 2) as cost, history_date > (curdate() - interval ? day) as month_index from billing_history_v where customer_id = ? AND history_date > curdate() - interval ? day group by history_date; [30, 7, 60]
2013-10-28 20:54:11: select format(ifnull(sum(cost), 0), 2) as cost, history_date > (curdate() - interval ? day) as month_index from billing_history_v where customer_id = ? AND history_date > curdate() - interval ? day group by history_date; [7, 7, 14]
2013-10-28 20:54:11: select history_date, format(ifnull(sum(cost), 0), 2) as total from billing_history_v where customer_id = ? AND history_date >= curdate() - interval 30 day AND history_date < curdate() group by history_date order by history_date asc limit 30; [7]
2013-10-28 20:56:22: select ? as type, type_id, type_name, sub_type_id, sub_type_name from service_provider_menu_v where customer_id = ?; [provider, 7]
2013-10-28 20:56:22: select format(ifnull(sum(estimate), 0), 2) as value, concat("Last Updated", history_date) as tooltip, "Projection" as label from service_provider_projection_v where customer_id = ?; [7]
2013-10-28 20:56:22: select format(ifnull(sum(cost), 0), 2) as value, "Last Month" as label from billing_history_v where customer_id = ? AND month(history_date) = month(now() - interval 30 day) AND year(history_date) = year(now() - interval 30 day); [7]
2013-10-28 20:56:22: select format(ifnull(sum(cost), 0), 2) as value, month(history_date) != month(now()) as month_index, date_format(history_date, "%M") as label from billing_history_v where customer_id = ? AND date_format(history_date, "%Y-%m") in (date_format(now(), "%Y-%m"),date_format(now() - interval 30 day, "%Y-%m")) group by month(history_date) order by history_date; [7]
2013-10-28 20:56:22: select format(ifnull(sum(cost), 0), 2) as cost, history_date > (curdate() - interval ? day) as month_index from billing_history_v where customer_id = ? AND history_date > curdate() - interval ? day group by history_date; [30, 7, 60]
2013-10-28 20:56:22: select format(ifnull(sum(cost), 0), 2) as cost, history_date > (curdate() - interval ? day) as month_index from billing_history_v where customer_id = ? AND history_date > curdate() - interval ? day group by history_date; [7, 7, 14]
2013-10-28 20:56:22: select history_date, format(ifnull(sum(cost), 0), 2) as total from billing_history_v where customer_id = ? AND history_date >= curdate() - interval 30 day AND history_date < curdate() group by history_date order by history_date asc limit 30; [7]
2013-10-28 20:57:53: select id, external_id, AES_DECRYPT(name,'h8zukuqeteSw') as name, AES_DECRYPT(aws_key,'h8zukuqeteSw') as aws_key, AES_DECRYPT(secret_key,'h8zukuqeteSw') as secret_key from account where customer_id = ? AND deleted = 0; [7]
2013-10-28 20:57:53: select account_id, billing_bucket from master_account where customer_id = ?; [7]
2013-10-28 20:57:55: select ? as type, type_id, type_name, sub_type_id, sub_type_name from service_provider_menu_v where customer_id = ?; [provider, 7]
2013-10-28 20:57:55: select format(ifnull(sum(estimate), 0), 2) as value, concat("Last Updated", history_date) as tooltip, "Projection" as label from service_provider_projection_v where customer_id = ?; [7]
2013-10-28 20:57:55: select format(ifnull(sum(cost), 0), 2) as value, "Last Month" as label from billing_history_v where customer_id = ? AND month(history_date) = month(now() - interval 30 day) AND year(history_date) = year(now() - interval 30 day); [7]
2013-10-28 20:57:55: select format(ifnull(sum(cost), 0), 2) as value, month(history_date) != month(now()) as month_index, date_format(history_date, "%M") as label from billing_history_v where customer_id = ? AND date_format(history_date, "%Y-%m") in (date_format(now(), "%Y-%m"),date_format(now() - interval 30 day, "%Y-%m")) group by month(history_date) order by history_date; [7]
2013-10-28 20:57:55: select format(ifnull(sum(cost), 0), 2) as cost, history_date > (curdate() - interval ? day) as month_index from billing_history_v where customer_id = ? AND history_date > curdate() - interval ? day group by history_date; [30, 7, 60]
2013-10-28 20:58:31: select format(ifnull(sum(cost), 0), 2) as cost, history_date > (curdate() - interval ? day) as month_index from billing_history_v where customer_id = ? AND history_date > curdate() - interval ? day group by history_date; [7, 7, 14]
2013-10-28 20:58:32: select history_date, format(ifnull(sum(cost), 0), 2) as total from billing_history_v where customer_id = ? AND history_date >= curdate() - interval 30 day AND history_date < curdate() group by history_date order by history_date asc limit 30; [7]
2013-10-28 20:58:35: select ? as type, type_id, type_name, sub_type_id, sub_type_name from service_provider_menu_v where customer_id = ?; [provider, 7]
2013-10-28 20:58:35: select format(ifnull(sum(estimate), 0), 2) as value, concat("Last Updated", history_date) as tooltip, "Projection" as label from service_provider_projection_v where customer_id = ?; [7]
2013-10-28 20:58:35: select format(ifnull(sum(cost), 0), 2) as value, "Last Month" as label from billing_history_v where customer_id = ? AND month(history_date) = month(now() - interval 30 day) AND year(history_date) = year(now() - interval 30 day); [7]
2013-10-28 20:58:35: select format(ifnull(sum(cost), 0), 2) as value, month(history_date) != month(now()) as month_index, date_format(history_date, "%M") as label from billing_history_v where customer_id = ? AND date_format(history_date, "%Y-%m") in (date_format(now(), "%Y-%m"),date_format(now() - interval 30 day, "%Y-%m")) group by month(history_date) order by history_date; [7]
2013-10-28 20:58:35: select format(ifnull(sum(cost), 0), 2) as cost, history_date > (curdate() - interval ? day) as month_index from billing_history_v where customer_id = ? AND history_date > curdate() - interval ? day group by history_date; [30, 7, 60]
2013-10-28 20:58:37: select format(ifnull(sum(cost), 0), 2) as cost, history_date > (curdate() - interval ? day) as month_index from billing_history_v where customer_id = ? AND history_date > curdate() - interval ? day group by history_date; [7, 7, 14]
2013-10-28 20:58:37: select history_date, format(ifnull(sum(cost), 0), 2) as total from billing_history_v where customer_id = ? AND history_date >= curdate() - interval 30 day AND history_date < curdate() group by history_date order by history_date asc limit 30; [7]
2013-10-28 20:58:54: select ? as type, type_id, type_name, sub_type_id, sub_type_name from service_provider_menu_v where customer_id = ?; [provider, 7]
2013-10-28 20:58:54: select format(ifnull(sum(estimate), 0), 2) as value, concat("Last Updated", history_date) as tooltip, "Projection" as label from service_provider_projection_v where customer_id = ?; [7]
2013-10-28 20:58:54: select format(ifnull(sum(cost), 0), 2) as value, "Last Month" as label from billing_history_v where customer_id = ? AND month(history_date) = month(now() - interval 30 day) AND year(history_date) = year(now() - interval 30 day); [7]
2013-10-28 20:58:54: select format(ifnull(sum(cost), 0), 2) as value, month(history_date) != month(now()) as month_index, date_format(history_date, "%M") as label from billing_history_v where customer_id = ? AND date_format(history_date, "%Y-%m") in (date_format(now(), "%Y-%m"),date_format(now() - interval 30 day, "%Y-%m")) group by month(history_date) order by history_date; [7]
2013-10-28 20:58:54: select format(ifnull(sum(cost), 0), 2) as cost, history_date > (curdate() - interval ? day) as month_index from billing_history_v where customer_id = ? AND history_date > curdate() - interval ? day group by history_date; [30, 7, 60]
2013-10-28 20:58:56: select format(ifnull(sum(cost), 0), 2) as cost, history_date > (curdate() - interval ? day) as month_index from billing_history_v where customer_id = ? AND history_date > curdate() - interval ? day group by history_date; [7, 7, 14]
2013-10-28 20:58:56: select history_date, format(ifnull(sum(cost), 0), 2) as total from billing_history_v where customer_id = ? AND history_date >= curdate() - interval 30 day AND history_date < curdate() group by history_date order by history_date asc limit 30; [7]
2013-10-28 20:59:58: select ? as type, type_id, type_name, sub_type_id, sub_type_name from service_provider_menu_v where customer_id = ?; [provider, 7]
2013-10-28 20:59:58: select format(ifnull(sum(estimate), 0), 2) as value, concat("Last Updated", history_date) as tooltip, "Projection" as label from service_provider_projection_v where customer_id = ?; [7]
2013-10-28 20:59:58: select format(ifnull(sum(cost), 0), 2) as value, "Last Month" as label from billing_history_v where customer_id = ? AND month(history_date) = month(now() - interval 30 day) AND year(history_date) = year(now() - interval 30 day); [7]
2013-10-28 20:59:58: select format(ifnull(sum(cost), 0), 2) as value, month(history_date) != month(now()) as month_index, date_format(history_date, "%M") as label from billing_history_v where customer_id = ? AND date_format(history_date, "%Y-%m") in (date_format(now(), "%Y-%m"),date_format(now() - interval 30 day, "%Y-%m")) group by month(history_date) order by history_date; [7]
2013-10-28 20:59:58: select format(ifnull(sum(cost), 0), 2) as cost, history_date > (curdate() - interval ? day) as month_index from billing_history_v where customer_id = ? AND history_date > curdate() - interval ? day group by history_date; [30, 7, 60]
2013-10-28 20:59:58: select format(ifnull(sum(cost), 0), 2) as cost, history_date > (curdate() - interval ? day) as month_index from billing_history_v where customer_id = ? AND history_date > curdate() - interval ? day group by history_date; [7, 7, 14]
2013-10-28 20:59:58: select history_date, format(ifnull(sum(cost), 0), 2) as total from billing_history_v where customer_id = ? AND history_date >= curdate() - interval 30 day AND history_date < curdate() group by history_date order by history_date asc limit 30; [7]
2013-10-28 21:00:17: select ? as type, type_id, type_name, sub_type_id, sub_type_name from service_provider_menu_v where customer_id = ?; [provider, 7]
2013-10-28 21:00:17: select format(ifnull(sum(estimate), 0), 2) as value, concat("Last Updated", history_date) as tooltip, "Projection" as label from service_provider_projection_v where customer_id = ?; [7]
2013-10-28 21:00:17: select format(ifnull(sum(cost), 0), 2) as value, "Last Month" as label from billing_history_v where customer_id = ? AND month(history_date) = month(now() - interval 30 day) AND year(history_date) = year(now() - interval 30 day); [7]
2013-10-28 21:00:17: select format(ifnull(sum(cost), 0), 2) as value, month(history_date) != month(now()) as month_index, date_format(history_date, "%M") as label from billing_history_v where customer_id = ? AND date_format(history_date, "%Y-%m") in (date_format(now(), "%Y-%m"),date_format(now() - interval 30 day, "%Y-%m")) group by month(history_date) order by history_date; [7]
2013-10-28 21:00:17: select format(ifnull(sum(cost), 0), 2) as cost, history_date > (curdate() - interval ? day) as month_index from billing_history_v where customer_id = ? AND history_date > curdate() - interval ? day group by history_date; [30, 7, 60]
2013-10-28 21:00:17: select format(ifnull(sum(cost), 0), 2) as cost, history_date > (curdate() - interval ? day) as month_index from billing_history_v where customer_id = ? AND history_date > curdate() - interval ? day group by history_date; [7, 7, 14]
2013-10-28 21:00:17: select history_date, format(ifnull(sum(cost), 0), 2) as total from billing_history_v where customer_id = ? AND history_date >= curdate() - interval 30 day AND history_date < curdate() group by history_date order by history_date asc limit 30; [7]
2013-10-28 21:00:23: select ? as type, type_id, type_name, sub_type_id, sub_type_name from service_provider_menu_v where customer_id = ?; [provider, 7]
2013-10-28 21:00:23: select format(ifnull(sum(estimate), 0), 2) as value, concat("Last Updated", history_date) as tooltip, "Projection" as label from service_provider_projection_v where customer_id = ?; [7]
2013-10-28 21:00:23: select format(ifnull(sum(cost), 0), 2) as value, "Last Month" as label from billing_history_v where customer_id = ? AND month(history_date) = month(now() - interval 30 day) AND year(history_date) = year(now() - interval 30 day); [7]
2013-10-28 21:00:23: select format(ifnull(sum(cost), 0), 2) as value, month(history_date) != month(now()) as month_index, date_format(history_date, "%M") as label from billing_history_v where customer_id = ? AND date_format(history_date, "%Y-%m") in (date_format(now(), "%Y-%m"),date_format(now() - interval 30 day, "%Y-%m")) group by month(history_date) order by history_date; [7]
2013-10-28 21:00:23: select format(ifnull(sum(cost), 0), 2) as cost, history_date > (curdate() - interval ? day) as month_index from billing_history_v where customer_id = ? AND history_date > curdate() - interval ? day group by history_date; [30, 7, 60]
2013-10-28 21:00:23: select format(ifnull(sum(cost), 0), 2) as cost, history_date > (curdate() - interval ? day) as month_index from billing_history_v where customer_id = ? AND history_date > curdate() - interval ? day group by history_date; [7, 7, 14]
2013-10-28 21:00:23: select history_date, format(ifnull(sum(cost), 0), 2) as total from billing_history_v where customer_id = ? AND history_date >= curdate() - interval 30 day AND history_date < curdate() group by history_date order by history_date asc limit 30; [7]
2013-10-28 22:32:14: select ? as type, type_id, type_name, sub_type_id, sub_type_name from service_provider_menu_v where customer_id = ?; [provider, 7]
2013-10-28 22:32:14: select format(ifnull(sum(estimate), 0), 2) as value, concat("Last Updated", history_date) as tooltip, "Projection" as label from service_provider_projection_v where customer_id = ?; [7]
2013-10-28 22:32:14: select format(ifnull(sum(cost), 0), 2) as value, "Last Month" as label from billing_history_v where customer_id = ? AND month(history_date) = month(now() - interval 30 day) AND year(history_date) = year(now() - interval 30 day); [7]
2013-10-28 22:32:14: select format(ifnull(sum(cost), 0), 2) as value, month(history_date) != month(now()) as month_index, date_format(history_date, "%M") as label from billing_history_v where customer_id = ? AND date_format(history_date, "%Y-%m") in (date_format(now(), "%Y-%m"),date_format(now() - interval 30 day, "%Y-%m")) group by month(history_date) order by history_date; [7]
2013-10-28 22:32:14: select format(ifnull(sum(cost), 0), 2) as cost, history_date > (curdate() - interval ? day) as month_index from billing_history_v where customer_id = ? AND history_date > curdate() - interval ? day group by history_date; [30, 7, 60]
2013-10-28 22:32:14: select format(ifnull(sum(cost), 0), 2) as cost, history_date > (curdate() - interval ? day) as month_index from billing_history_v where customer_id = ? AND history_date > curdate() - interval ? day group by history_date; [7, 7, 14]
2013-10-28 22:32:14: select history_date, format(ifnull(sum(cost), 0), 2) as total from billing_history_v where customer_id = ? AND history_date >= curdate() - interval 30 day AND history_date < curdate() group by history_date order by history_date asc limit 30; [7]
2013-10-28 22:32:16: select ? as type, type_id, type_name, sub_type_id, sub_type_name from service_type_menu_v where customer_id = ?; [type, 7]
2013-10-28 22:32:16: select format(ifnull(sum(estimate), 0), 2) as value, concat("Last Updated", history_date) as tooltip, "Projection" as label from service_type_projection_v where customer_id = ?; [7]
2013-10-28 22:32:16: select format(ifnull(sum(cost), 0), 2) as value, "Last Month" as label from billing_history_v where customer_id = ? AND month(history_date) = month(now() - interval 30 day) AND year(history_date) = year(now() - interval 30 day); [7]
2013-10-28 22:32:16: select format(ifnull(sum(cost), 0), 2) as value, month(history_date) != month(now()) as month_index, date_format(history_date, "%M") as label from billing_history_v where customer_id = ? AND date_format(history_date, "%Y-%m") in (date_format(now(), "%Y-%m"),date_format(now() - interval 30 day, "%Y-%m")) group by month(history_date) order by history_date; [7]
2013-10-28 22:32:16: select format(ifnull(sum(cost), 0), 2) as cost, history_date > (curdate() - interval ? day) as month_index from billing_history_v where customer_id = ? AND history_date > curdate() - interval ? day group by history_date; [30, 7, 60]
2013-10-28 22:32:16: select format(ifnull(sum(cost), 0), 2) as cost, history_date > (curdate() - interval ? day) as month_index from billing_history_v where customer_id = ? AND history_date > curdate() - interval ? day group by history_date; [7, 7, 14]
2013-10-28 22:32:16: select history_date, format(ifnull(sum(cost), 0), 2) as total from billing_history_v where customer_id = ? AND history_date >= curdate() - interval 30 day AND history_date < curdate() group by history_date order by history_date asc limit 30; [7]
2013-10-28 22:32:18: select ? as type, type_id, type_name, sub_type_id, sub_type_name from service_type_menu_v where customer_id = ?; [type, 7]
2013-10-28 22:32:18: select format(ifnull(sum(estimate), 0), 2) as value, concat("Last Updated", history_date) as tooltip, "Projection" as label from service_type_projection_v where customer_id = ? AND type_id = ?; [7, 1]
2013-10-28 22:32:18: select format(ifnull(sum(cost), 0), 2) as value, "Last Month" as label from billing_history_v where customer_id = ? AND month(history_date) = month(now() - interval 30 day) AND year(history_date) = year(now() - interval 30 day) AND service_type_id = ?; [7, 1]
2013-10-28 22:32:18: select format(ifnull(sum(cost), 0), 2) as value, month(history_date) != month(now()) as month_index, date_format(history_date, "%M") as label from billing_history_v where customer_id = ? AND date_format(history_date, "%Y-%m") in (date_format(now(), "%Y-%m"),date_format(now() - interval 30 day, "%Y-%m")) AND service_type_id = ? group by month(history_date) order by history_date; [7, 1]
2013-10-28 22:32:18: select format(ifnull(sum(cost), 0), 2) as cost, history_date > (curdate() - interval ? day) as month_index from billing_history_v where customer_id = ? AND history_date > curdate() - interval ? day AND service_type_id = ? group by history_date; [30, 7, 60, 1]
2013-10-28 22:32:18: select format(ifnull(sum(cost), 0), 2) as cost, history_date > (curdate() - interval ? day) as month_index from billing_history_v where customer_id = ? AND history_date > curdate() - interval ? day AND service_type_id = ? group by history_date; [7, 7, 14, 1]
2013-10-28 22:32:18: select history_date, format(ifnull(sum(cost), 0), 2) as total from billing_history_v where customer_id = ? AND history_date >= curdate() - interval 30 day AND history_date < curdate() AND service_type_id = ? group by history_date order by history_date asc limit 30; [7, 1]
2013-10-28 22:54:50: select id, external_id, AES_DECRYPT(name,'h8zukuqeteSw') as name, AES_DECRYPT(aws_key,'h8zukuqeteSw') as aws_key, AES_DECRYPT(secret_key,'h8zukuqeteSw') as secret_key from account where customer_id = ? AND deleted = 0; [7]
2013-10-28 22:54:50: select account_id, billing_bucket from master_account where customer_id = ?; [7]
2013-10-28 22:54:55: select id, external_id, AES_DECRYPT(name,'h8zukuqeteSw') as name, AES_DECRYPT(aws_key,'h8zukuqeteSw') as aws_key, AES_DECRYPT(secret_key,'h8zukuqeteSw') as secret_key from account where customer_id = ? AND deleted = 0; [7]
2013-10-28 22:54:55: select account_id, billing_bucket from master_account where customer_id = ?; [7]
2013-10-28 22:54:57: select ? as type, type_id, type_name, sub_type_id, sub_type_name from service_provider_menu_v where customer_id = ?; [provider, 7]
2013-10-28 22:54:57: select format(ifnull(sum(estimate), 0), 2) as value, concat("Last Updated", history_date) as tooltip, "Projection" as label from service_provider_projection_v where customer_id = ?; [7]
2013-10-28 22:54:57: select format(ifnull(sum(cost), 0), 2) as value, "Last Month" as label from billing_history_v where customer_id = ? AND month(history_date) = month(now() - interval 30 day) AND year(history_date) = year(now() - interval 30 day); [7]
2013-10-28 22:54:57: select format(ifnull(sum(cost), 0), 2) as value, month(history_date) != month(now()) as month_index, date_format(history_date, "%M") as label from billing_history_v where customer_id = ? AND date_format(history_date, "%Y-%m") in (date_format(now(), "%Y-%m"),date_format(now() - interval 30 day, "%Y-%m")) group by month(history_date) order by history_date; [7]
2013-10-28 22:54:57: select format(ifnull(sum(cost), 0), 2) as cost, history_date > (curdate() - interval ? day) as month_index from billing_history_v where customer_id = ? AND history_date > curdate() - interval ? day group by history_date; [30, 7, 60]
2013-10-28 22:54:57: select format(ifnull(sum(cost), 0), 2) as cost, history_date > (curdate() - interval ? day) as month_index from billing_history_v where customer_id = ? AND history_date > curdate() - interval ? day group by history_date; [7, 7, 14]
2013-10-28 22:54:57: select history_date, format(ifnull(sum(cost), 0), 2) as total from billing_history_v where customer_id = ? AND history_date >= curdate() - interval 30 day AND history_date < curdate() group by history_date order by history_date asc limit 30; [7]
2013-10-28 23:05:39: select ? as type, type_id, type_name, sub_type_id, sub_type_name from service_provider_menu_v where customer_id = ?; [provider, 7]
2013-10-28 23:05:39: select format(ifnull(sum(estimate), 0), 2) as value, concat("Last Updated", history_date) as tooltip, "Projection" as label from service_provider_projection_v where customer_id = ? AND type_id = ?; [7, 1]
2013-10-28 23:05:39: select format(ifnull(sum(cost), 0), 2) as value, "Last Month" as label from billing_history_v where customer_id = ? AND month(history_date) = month(now() - interval 30 day) AND year(history_date) = year(now() - interval 30 day) AND service_provider_id = ?; [7, 1]
2013-10-28 23:05:39: select format(ifnull(sum(cost), 0), 2) as value, month(history_date) != month(now()) as month_index, date_format(history_date, "%M") as label from billing_history_v where customer_id = ? AND date_format(history_date, "%Y-%m") in (date_format(now(), "%Y-%m"),date_format(now() - interval 30 day, "%Y-%m")) AND service_provider_id = ? group by month(history_date) order by history_date; [7, 1]
2013-10-28 23:05:39: select format(ifnull(sum(cost), 0), 2) as cost, history_date > (curdate() - interval ? day) as month_index from billing_history_v where customer_id = ? AND history_date > curdate() - interval ? day AND service_provider_id = ? group by history_date; [30, 7, 60, 1]
2013-10-28 23:05:39: select format(ifnull(sum(cost), 0), 2) as cost, history_date > (curdate() - interval ? day) as month_index from billing_history_v where customer_id = ? AND history_date > curdate() - interval ? day AND service_provider_id = ? group by history_date; [7, 7, 14, 1]
2013-10-28 23:05:39: select history_date, format(ifnull(sum(cost), 0), 2) as total from billing_history_v where customer_id = ? AND history_date >= curdate() - interval 30 day AND history_date < curdate() AND service_provider_id = ? group by history_date order by history_date asc limit 30; [7, 1]
2013-10-28 23:07:20: select id, external_id, AES_DECRYPT(name,'h8zukuqeteSw') as name, AES_DECRYPT(aws_key,'h8zukuqeteSw') as aws_key, AES_DECRYPT(secret_key,'h8zukuqeteSw') as secret_key from account where customer_id = ? AND deleted = 0; [7]
2013-10-28 23:07:20: select account_id, billing_bucket from master_account where customer_id = ?; [7]
2013-10-28 23:07:22: select ? as type, type_id, type_name, sub_type_id, sub_type_name from service_provider_menu_v where customer_id = ?; [provider, 7]
2013-10-28 23:07:22: select format(ifnull(sum(estimate), 0), 2) as value, concat("Last Updated", history_date) as tooltip, "Projection" as label from service_provider_projection_v where customer_id = ?; [7]
2013-10-28 23:07:22: select format(ifnull(sum(cost), 0), 2) as value, "Last Month" as label from billing_history_v where customer_id = ? AND month(history_date) = month(now() - interval 30 day) AND year(history_date) = year(now() - interval 30 day); [7]
2013-10-28 23:07:22: select format(ifnull(sum(cost), 0), 2) as value, month(history_date) != month(now()) as month_index, date_format(history_date, "%M") as label from billing_history_v where customer_id = ? AND date_format(history_date, "%Y-%m") in (date_format(now(), "%Y-%m"),date_format(now() - interval 30 day, "%Y-%m")) group by month(history_date) order by history_date; [7]
2013-10-28 23:07:22: select format(ifnull(sum(cost), 0), 2) as cost, history_date > (curdate() - interval ? day) as month_index from billing_history_v where customer_id = ? AND history_date > curdate() - interval ? day group by history_date; [30, 7, 60]
2013-10-28 23:07:22: select format(ifnull(sum(cost), 0), 2) as cost, history_date > (curdate() - interval ? day) as month_index from billing_history_v where customer_id = ? AND history_date > curdate() - interval ? day group by history_date; [7, 7, 14]
2013-10-28 23:07:22: select history_date, format(ifnull(sum(cost), 0), 2) as total from billing_history_v where customer_id = ? AND history_date >= curdate() - interval 30 day AND history_date < curdate() group by history_date order by history_date asc limit 30; [7]
2013-10-28 23:07:22: select sum(bhv.cost) as total, aes_decrypt(a.name, ?) as account_name, bhv.service_provider_name as name, bhv.service_provider_product_name as sub_name from billing_history_v bhv join account a on a.id = bhv.account_id group by service_provider_id; [h8zukuqeteSw]
2013-10-28 23:07:50: select id, external_id, AES_DECRYPT(name,'h8zukuqeteSw') as name, AES_DECRYPT(aws_key,'h8zukuqeteSw') as aws_key, AES_DECRYPT(secret_key,'h8zukuqeteSw') as secret_key from account where customer_id = ? AND deleted = 0; [7]
2013-10-28 23:07:50: select account_id, billing_bucket from master_account where customer_id = ?; [7]
2013-10-28 23:07:50: select ? as type, type_id, type_name, sub_type_id, sub_type_name from service_provider_menu_v where customer_id = ?; [provider, 7]
2013-10-28 23:07:50: select format(ifnull(sum(estimate), 0), 2) as value, concat("Last Updated", history_date) as tooltip, "Projection" as label from service_provider_projection_v where customer_id = ?; [7]
2013-10-28 23:07:50: select format(ifnull(sum(cost), 0), 2) as value, "Last Month" as label from billing_history_v where customer_id = ? AND month(history_date) = month(now() - interval 30 day) AND year(history_date) = year(now() - interval 30 day); [7]
2013-10-28 23:07:50: select format(ifnull(sum(cost), 0), 2) as value, month(history_date) != month(now()) as month_index, date_format(history_date, "%M") as label from billing_history_v where customer_id = ? AND date_format(history_date, "%Y-%m") in (date_format(now(), "%Y-%m"),date_format(now() - interval 30 day, "%Y-%m")) group by month(history_date) order by history_date; [7]
2013-10-28 23:07:50: select format(ifnull(sum(cost), 0), 2) as cost, history_date > (curdate() - interval ? day) as month_index from billing_history_v where customer_id = ? AND history_date > curdate() - interval ? day group by history_date; [30, 7, 60]
2013-10-28 23:07:50: select format(ifnull(sum(cost), 0), 2) as cost, history_date > (curdate() - interval ? day) as month_index from billing_history_v where customer_id = ? AND history_date > curdate() - interval ? day group by history_date; [7, 7, 14]
2013-10-28 23:07:50: select history_date, format(ifnull(sum(cost), 0), 2) as total from billing_history_v where customer_id = ? AND history_date >= curdate() - interval 30 day AND history_date < curdate() group by history_date order by history_date asc limit 30; [7]
2013-10-28 23:07:50: select sum(bhv.cost) as total, aes_decrypt(a.name, ?) as account_name, bhv.service_provider_name as name, bhv.service_provider_product_name as sub_name from billing_history_v bhv join account a on a.id = bhv.account_id group by bhv.service_provider_id; [h8zukuqeteSw]
2013-10-28 23:07:50: select sum(bhv.cost) as total, aes_decrypt(a.name, ?) as account_name, bhv.service_provider_name as name, bhv.service_provider_product_name as sub_name from billing_history_v bhv join account a on a.id = bhv.account_id group by bhv.service_product_id; [h8zukuqeteSw]
2013-10-28 23:07:50: select sum(bhv.cost) as total, aes_decrypt(a.name, ?) as account_name, bhv.service_provider_name as name, bhv.service_provider_product_name as sub_name from billing_history_v bhv join account a on a.id = bhv.account_id group by account_id; [h8zukuqeteSw]
2013-10-28 23:10:14: select ? as type, type_id, type_name, sub_type_id, sub_type_name from service_provider_menu_v where customer_id = ?; [provider, 7]
2013-10-28 23:10:14: select format(ifnull(sum(estimate), 0), 2) as value, concat("Last Updated", history_date) as tooltip, "Projection" as label from service_provider_projection_v where customer_id = ?; [7]
2013-10-28 23:10:14: select format(ifnull(sum(cost), 0), 2) as value, "Last Month" as label from billing_history_v where customer_id = ? AND month(history_date) = month(now() - interval 30 day) AND year(history_date) = year(now() - interval 30 day); [7]
2013-10-28 23:10:14: select format(ifnull(sum(cost), 0), 2) as value, month(history_date) != month(now()) as month_index, date_format(history_date, "%M") as label from billing_history_v where customer_id = ? AND date_format(history_date, "%Y-%m") in (date_format(now(), "%Y-%m"),date_format(now() - interval 30 day, "%Y-%m")) group by month(history_date) order by history_date; [7]
2013-10-28 23:10:14: select format(ifnull(sum(cost), 0), 2) as cost, history_date > (curdate() - interval ? day) as month_index from billing_history_v where customer_id = ? AND history_date > curdate() - interval ? day group by history_date; [30, 7, 60]
2013-10-28 23:10:14: select format(ifnull(sum(cost), 0), 2) as cost, history_date > (curdate() - interval ? day) as month_index from billing_history_v where customer_id = ? AND history_date > curdate() - interval ? day group by history_date; [7, 7, 14]
2013-10-28 23:10:14: select history_date, format(ifnull(sum(cost), 0), 2) as total from billing_history_v where customer_id = ? AND history_date >= curdate() - interval 30 day AND history_date < curdate() group by history_date order by history_date asc limit 30; [7]
2013-10-28 23:10:14: select sum(bhv.cost) as total, bhv.service_provider_name as name from billing_history_v bhv join account a on a.id = bhv.account_id group by bhv.service_provider_id; []
2013-10-28 23:10:14: select sum(bhv.cost) as total, bhv.service_provider_product_name as name from billing_history_v bhv join account a on a.id = bhv.account_id group by bhv.service_product_id; []
2013-10-28 23:10:14: select sum(bhv.cost) as total, aes_decrypt(a.name, 'h8zukuqeteSw') as name from billing_history_v bhv join account a on a.id = bhv.account_id group by account_id; []
2013-10-28 23:11:05: select ? as type, type_id, type_name, sub_type_id, sub_type_name from service_provider_menu_v where customer_id = ?; [provider, 7]
2013-10-28 23:11:05: select format(ifnull(sum(estimate), 0), 2) as value, concat("Last Updated", history_date) as tooltip, "Projection" as label from service_provider_projection_v where customer_id = ?; [7]
2013-10-28 23:11:05: select format(ifnull(sum(cost), 0), 2) as value, "Last Month" as label from billing_history_v where customer_id = ? AND month(history_date) = month(now() - interval 30 day) AND year(history_date) = year(now() - interval 30 day); [7]
2013-10-28 23:11:05: select format(ifnull(sum(cost), 0), 2) as value, month(history_date) != month(now()) as month_index, date_format(history_date, "%M") as label from billing_history_v where customer_id = ? AND date_format(history_date, "%Y-%m") in (date_format(now(), "%Y-%m"),date_format(now() - interval 30 day, "%Y-%m")) group by month(history_date) order by history_date; [7]
2013-10-28 23:11:05: select format(ifnull(sum(cost), 0), 2) as cost, history_date > (curdate() - interval ? day) as month_index from billing_history_v where customer_id = ? AND history_date > curdate() - interval ? day group by history_date; [30, 7, 60]
2013-10-28 23:11:05: select format(ifnull(sum(cost), 0), 2) as cost, history_date > (curdate() - interval ? day) as month_index from billing_history_v where customer_id = ? AND history_date > curdate() - interval ? day group by history_date; [7, 7, 14]
2013-10-28 23:11:05: select history_date, format(ifnull(sum(cost), 0), 2) as total from billing_history_v where customer_id = ? AND history_date >= curdate() - interval 30 day AND history_date < curdate() group by history_date order by history_date asc limit 30; [7]
2013-10-28 23:11:05: select sum(bhv.cost) as total, bhv.service_provider_name as name from billing_history_v bhv join account a on a.id = bhv.account_id where a.deleted = 0 group by bhv.service_provider_id; []
2013-10-28 23:11:05: select sum(bhv.cost) as total, bhv.service_provider_product_name as name from billing_history_v bhv join account a on a.id = bhv.account_id where a.deleted = 0 group by bhv.service_product_id; []
2013-10-28 23:11:05: select sum(bhv.cost) as total, aes_decrypt(a.name, 'h8zukuqeteSw') as name from billing_history_v bhv join account a on a.id = bhv.account_id where a.deleted = 0 group by account_id; []
2013-10-28 23:11:46: select ? as type, type_id, type_name, sub_type_id, sub_type_name from service_provider_menu_v where customer_id = ?; [provider, 7]
2013-10-28 23:11:46: select format(ifnull(sum(estimate), 0), 2) as value, concat("Last Updated", history_date) as tooltip, "Projection" as label from service_provider_projection_v where customer_id = ?; [7]
2013-10-28 23:11:46: select format(ifnull(sum(cost), 0), 2) as value, "Last Month" as label from billing_history_v where customer_id = ? AND month(history_date) = month(now() - interval 30 day) AND year(history_date) = year(now() - interval 30 day); [7]
2013-10-28 23:11:46: select format(ifnull(sum(cost), 0), 2) as value, month(history_date) != month(now()) as month_index, date_format(history_date, "%M") as label from billing_history_v where customer_id = ? AND date_format(history_date, "%Y-%m") in (date_format(now(), "%Y-%m"),date_format(now() - interval 30 day, "%Y-%m")) group by month(history_date) order by history_date; [7]
2013-10-28 23:11:46: select format(ifnull(sum(cost), 0), 2) as cost, history_date > (curdate() - interval ? day) as month_index from billing_history_v where customer_id = ? AND history_date > curdate() - interval ? day group by history_date; [30, 7, 60]
2013-10-28 23:11:46: select format(ifnull(sum(cost), 0), 2) as cost, history_date > (curdate() - interval ? day) as month_index from billing_history_v where customer_id = ? AND history_date > curdate() - interval ? day group by history_date; [7, 7, 14]
2013-10-28 23:11:46: select history_date, format(ifnull(sum(cost), 0), 2) as total from billing_history_v where customer_id = ? AND history_date >= curdate() - interval 30 day AND history_date < curdate() group by history_date order by history_date asc limit 30; [7]
2013-10-28 23:11:46: select format(sum(bhv.cost), 2) as total, bhv.service_provider_name as name from billing_history_v bhv join account a on a.id = bhv.account_id where a.deleted = 0 group by bhv.service_provider_id; []
2013-10-28 23:11:46: select format(sum(bhv.cost), 2) as total, bhv.service_provider_product_name as name from billing_history_v bhv join account a on a.id = bhv.account_id where a.deleted = 0 group by bhv.service_product_id; []
2013-10-28 23:11:46: select format(sum(bhv.cost), 2) as total, aes_decrypt(a.name, 'h8zukuqeteSw') as name from billing_history_v bhv join account a on a.id = bhv.account_id where a.deleted = 0 group by account_id; []
2013-10-28 23:18:52: select ? as type, type_id, type_name, sub_type_id, sub_type_name from service_provider_menu_v where customer_id = ?; [provider, 7]
2013-10-28 23:18:52: select format(ifnull(sum(estimate), 0), 2) as value, concat("Last Updated", history_date) as tooltip, "Projection" as label from service_provider_projection_v where customer_id = ?; [7]
2013-10-28 23:18:52: select format(ifnull(sum(cost), 0), 2) as value, "Last Month" as label from billing_history_v where customer_id = ? AND month(history_date) = month(now() - interval 30 day) AND year(history_date) = year(now() - interval 30 day); [7]
2013-10-28 23:18:52: select format(ifnull(sum(cost), 0), 2) as value, month(history_date) != month(now()) as month_index, date_format(history_date, "%M") as label from billing_history_v where customer_id = ? AND date_format(history_date, "%Y-%m") in (date_format(now(), "%Y-%m"),date_format(now() - interval 30 day, "%Y-%m")) group by month(history_date) order by history_date; [7]
2013-10-28 23:18:52: select format(ifnull(sum(cost), 0), 2) as cost, history_date > (curdate() - interval ? day) as month_index from billing_history_v where customer_id = ? AND history_date > curdate() - interval ? day group by history_date; [30, 7, 60]
2013-10-28 23:18:52: select format(ifnull(sum(cost), 0), 2) as cost, history_date > (curdate() - interval ? day) as month_index from billing_history_v where customer_id = ? AND history_date > curdate() - interval ? day group by history_date; [7, 7, 14]
2013-10-28 23:18:52: select history_date, format(ifnull(sum(cost), 0), 2) as total from billing_history_v where customer_id = ? AND history_date >= curdate() - interval 30 day AND history_date < curdate() group by history_date order by history_date asc limit 30; [7]
2013-10-28 23:18:52: select format(sum(bhv.cost), 2) as total, bhv.service_provider_name as name from billing_history_v bhv join account a on a.id = bhv.account_id where a.deleted = 0 group by bhv.service_provider_id; []
2013-10-28 23:18:52: select format(sum(bhv.cost), 2) as total, bhv.service_provider_product_name as name from billing_history_v bhv join account a on a.id = bhv.account_id where a.deleted = 0 group by bhv.service_product_id; []
2013-10-28 23:18:52: select format(sum(bhv.cost), 2) as total, aes_decrypt(a.name, 'h8zukuqeteSw') as name from billing_history_v bhv join account a on a.id = bhv.account_id where a.deleted = 0 group by account_id; []
2013-10-28 23:21:05: select id, external_id, AES_DECRYPT(name,'h8zukuqeteSw') as name, AES_DECRYPT(aws_key,'h8zukuqeteSw') as aws_key, AES_DECRYPT(secret_key,'h8zukuqeteSw') as secret_key from account where customer_id = ? AND deleted = 0; [7]
2013-10-28 23:21:05: select account_id, billing_bucket from master_account where customer_id = ?; [7]
2013-10-28 23:21:06: select ? as type, type_id, type_name, sub_type_id, sub_type_name from service_provider_menu_v where customer_id = ?; [provider, 7]
2013-10-28 23:21:06: select format(ifnull(sum(estimate), 0), 2) as value, concat("Last Updated", history_date) as tooltip, "Projection" as label from service_provider_projection_v where customer_id = ?; [7]
2013-10-28 23:21:06: select format(ifnull(sum(cost), 0), 2) as value, "Last Month" as label from billing_history_v where customer_id = ? AND month(history_date) = month(now() - interval 30 day) AND year(history_date) = year(now() - interval 30 day); [7]
2013-10-28 23:21:06: select format(ifnull(sum(cost), 0), 2) as value, month(history_date) != month(now()) as month_index, date_format(history_date, "%M") as label from billing_history_v where customer_id = ? AND date_format(history_date, "%Y-%m") in (date_format(now(), "%Y-%m"),date_format(now() - interval 30 day, "%Y-%m")) group by month(history_date) order by history_date; [7]
2013-10-28 23:21:06: select format(ifnull(sum(cost), 0), 2) as cost, history_date > (curdate() - interval ? day) as month_index from billing_history_v where customer_id = ? AND history_date > curdate() - interval ? day group by history_date; [30, 7, 60]
2013-10-28 23:21:06: select format(ifnull(sum(cost), 0), 2) as cost, history_date > (curdate() - interval ? day) as month_index from billing_history_v where customer_id = ? AND history_date > curdate() - interval ? day group by history_date; [7, 7, 14]
2013-10-28 23:21:06: select history_date, format(ifnull(sum(cost), 0), 2) as total from billing_history_v where customer_id = ? AND history_date >= curdate() - interval 30 day AND history_date < curdate() group by history_date order by history_date asc limit 30; [7]
2013-10-28 23:21:06: select format(sum(bhv.cost), 2) as total, bhv.service_provider_name as name from billing_history_v bhv join account a on a.id = bhv.account_id where a.deleted = 0 group by bhv.service_provider_id; []
2013-10-28 23:21:06: select format(sum(bhv.cost), 2) as total, bhv.service_provider_product_name as name from billing_history_v bhv join account a on a.id = bhv.account_id where a.deleted = 0 group by bhv.service_product_id; []
2013-10-28 23:21:06: select format(sum(bhv.cost), 2) as total, aes_decrypt(a.name, 'h8zukuqeteSw') as name from billing_history_v bhv join account a on a.id = bhv.account_id where a.deleted = 0 group by account_id; []
2013-10-28 23:21:19: select ? as type, type_id, type_name, sub_type_id, sub_type_name from service_provider_menu_v where customer_id = ?; [provider, 7]
2013-10-28 23:21:19: select format(ifnull(sum(estimate), 0), 2) as value, concat("Last Updated", history_date) as tooltip, "Projection" as label from service_provider_projection_v where customer_id = ? AND type_id = ?; [7, 1]
2013-10-28 23:21:19: select format(ifnull(sum(cost), 0), 2) as value, "Last Month" as label from billing_history_v where customer_id = ? AND month(history_date) = month(now() - interval 30 day) AND year(history_date) = year(now() - interval 30 day) AND service_provider_id = ?; [7, 1]
2013-10-28 23:21:19: select format(ifnull(sum(cost), 0), 2) as value, month(history_date) != month(now()) as month_index, date_format(history_date, "%M") as label from billing_history_v where customer_id = ? AND date_format(history_date, "%Y-%m") in (date_format(now(), "%Y-%m"),date_format(now() - interval 30 day, "%Y-%m")) AND service_provider_id = ? group by month(history_date) order by history_date; [7, 1]
2013-10-28 23:21:19: select format(ifnull(sum(cost), 0), 2) as cost, history_date > (curdate() - interval ? day) as month_index from billing_history_v where customer_id = ? AND history_date > curdate() - interval ? day AND service_provider_id = ? group by history_date; [30, 7, 60, 1]
2013-10-28 23:21:19: select format(ifnull(sum(cost), 0), 2) as cost, history_date > (curdate() - interval ? day) as month_index from billing_history_v where customer_id = ? AND history_date > curdate() - interval ? day AND service_provider_id = ? group by history_date; [7, 7, 14, 1]
2013-10-28 23:21:19: select history_date, format(ifnull(sum(cost), 0), 2) as total from billing_history_v where customer_id = ? AND history_date >= curdate() - interval 30 day AND history_date < curdate() AND service_provider_id = ? group by history_date order by history_date asc limit 30; [7, 1]
2013-10-28 23:21:19: select format(sum(bhv.cost), 2) as total, bhv.service_provider_name as name from billing_history_v bhv join account a on a.id = bhv.account_id where a.deleted = 0 AND service_provider_id = ? group by bhv.service_provider_id; [1]
2013-10-28 23:24:53: select id, external_id, AES_DECRYPT(name,'h8zukuqeteSw') as name, AES_DECRYPT(aws_key,'h8zukuqeteSw') as aws_key, AES_DECRYPT(secret_key,'h8zukuqeteSw') as secret_key from account where customer_id = ? AND deleted = 0; [7]
2013-10-28 23:24:53: select account_id, billing_bucket from master_account where customer_id = ?; [7]
2013-10-28 23:24:54: select ? as type, type_id, type_name, sub_type_id, sub_type_name from service_provider_menu_v where customer_id = ?; [provider, 7]
2013-10-28 23:24:54: select format(ifnull(sum(estimate), 0), 2) as value, concat("Last Updated", history_date) as tooltip, "Projection" as label from service_provider_projection_v where customer_id = ?; [7]
2013-10-28 23:24:54: select format(ifnull(sum(cost), 0), 2) as value, "Last Month" as label from billing_history_v where customer_id = ? AND month(history_date) = month(now() - interval 30 day) AND year(history_date) = year(now() - interval 30 day); [7]
2013-10-28 23:24:54: select format(ifnull(sum(cost), 0), 2) as value, month(history_date) != month(now()) as month_index, date_format(history_date, "%M") as label from billing_history_v where customer_id = ? AND date_format(history_date, "%Y-%m") in (date_format(now(), "%Y-%m"),date_format(now() - interval 30 day, "%Y-%m")) group by month(history_date) order by history_date; [7]
2013-10-28 23:24:54: select format(ifnull(sum(cost), 0), 2) as cost, history_date > (curdate() - interval ? day) as month_index from billing_history_v where customer_id = ? AND history_date > curdate() - interval ? day group by history_date; [30, 7, 60]
2013-10-28 23:24:54: select format(ifnull(sum(cost), 0), 2) as cost, history_date > (curdate() - interval ? day) as month_index from billing_history_v where customer_id = ? AND history_date > curdate() - interval ? day group by history_date; [7, 7, 14]
2013-10-28 23:24:54: select history_date, format(ifnull(sum(cost), 0), 2) as total from billing_history_v where customer_id = ? AND history_date >= curdate() - interval 30 day AND history_date < curdate() group by history_date order by history_date asc limit 30; [7]
2013-10-28 23:24:54: select format(sum(bhv.cost), 2) as total, bhv.service_provider_name as name from billing_history_v bhv join account a on a.id = bhv.account_id where a.deleted = 0 group by bhv.service_provider_id; []
2013-10-28 23:24:54: select format(sum(bhv.cost), 2) as total, bhv.service_provider_product_name as name from billing_history_v bhv join account a on a.id = bhv.account_id where a.deleted = 0 group by bhv.service_product_id; []
2013-10-28 23:24:54: select format(sum(bhv.cost), 2) as total, aes_decrypt(a.name, 'h8zukuqeteSw') as name from billing_history_v bhv join account a on a.id = bhv.account_id where a.deleted = 0 group by account_id; []
2013-10-28 23:24:56: select ? as type, type_id, type_name, sub_type_id, sub_type_name from service_provider_menu_v where customer_id = ?; [provider, 7]
2013-10-28 23:24:56: select format(ifnull(sum(estimate), 0), 2) as value, concat("Last Updated", history_date) as tooltip, "Projection" as label from service_provider_projection_v where customer_id = ? AND type_id = ?; [7, 1]
2013-10-28 23:24:56: select format(ifnull(sum(cost), 0), 2) as value, "Last Month" as label from billing_history_v where customer_id = ? AND month(history_date) = month(now() - interval 30 day) AND year(history_date) = year(now() - interval 30 day) AND service_provider_id = ?; [7, 1]
2013-10-28 23:24:56: select format(ifnull(sum(cost), 0), 2) as value, month(history_date) != month(now()) as month_index, date_format(history_date, "%M") as label from billing_history_v where customer_id = ? AND date_format(history_date, "%Y-%m") in (date_format(now(), "%Y-%m"),date_format(now() - interval 30 day, "%Y-%m")) AND service_provider_id = ? group by month(history_date) order by history_date; [7, 1]
2013-10-28 23:24:56: select format(ifnull(sum(cost), 0), 2) as cost, history_date > (curdate() - interval ? day) as month_index from billing_history_v where customer_id = ? AND history_date > curdate() - interval ? day AND service_provider_id = ? group by history_date; [30, 7, 60, 1]
2013-10-28 23:24:56: select format(ifnull(sum(cost), 0), 2) as cost, history_date > (curdate() - interval ? day) as month_index from billing_history_v where customer_id = ? AND history_date > curdate() - interval ? day AND service_provider_id = ? group by history_date; [7, 7, 14, 1]
2013-10-28 23:24:56: select history_date, format(ifnull(sum(cost), 0), 2) as total from billing_history_v where customer_id = ? AND history_date >= curdate() - interval 30 day AND history_date < curdate() AND service_provider_id = ? group by history_date order by history_date asc limit 30; [7, 1]
2013-10-28 23:24:56: select format(sum(bhv.cost), 2) as total, bhv.service_provider_name as name from billing_history_v bhv join account a on a.id = bhv.account_id where a.deleted = 0 AND bhv.service_provider_id = ? group by bhv.service_provider_id; [1]
2013-10-28 23:24:56: select format(sum(bhv.cost), 2) as total, bhv.service_provider_product_name as name from billing_history_v bhv join account a on a.id = bhv.account_id where a.deleted = 0 AND bhv.service_provider_id = ? group by bhv.service_product_id; [1]
2013-10-28 23:24:56: select format(sum(bhv.cost), 2) as total, aes_decrypt(a.name, 'h8zukuqeteSw') as name from billing_history_v bhv join account a on a.id = bhv.account_id where a.deleted = 0 AND bhv.service_provider_id = ? group by account_id; [1]
2013-10-28 23:25:04: select ? as type, type_id, type_name, sub_type_id, sub_type_name from service_provider_menu_v where customer_id = ?; [provider, 7]
2013-10-28 23:25:04: select format(ifnull(sum(estimate), 0), 2) as value, concat("Last Updated", history_date) as tooltip, "Projection" as label from service_provider_projection_v where customer_id = ? AND type_id = ? AND sub_type_id = ?; [7, 1, 2]
2013-10-28 23:25:04: select format(ifnull(sum(cost), 0), 2) as value, "Last Month" as label from billing_history_v where customer_id = ? AND month(history_date) = month(now() - interval 30 day) AND year(history_date) = year(now() - interval 30 day) AND service_provider_id = ? AND service_product_id = ?; [7, 1, 2]
2013-10-28 23:25:04: select format(ifnull(sum(cost), 0), 2) as value, month(history_date) != month(now()) as month_index, date_format(history_date, "%M") as label from billing_history_v where customer_id = ? AND date_format(history_date, "%Y-%m") in (date_format(now(), "%Y-%m"),date_format(now() - interval 30 day, "%Y-%m")) AND service_provider_id = ? AND service_product_id = ? group by month(history_date) order by history_date; [7, 1, 2]
2013-10-28 23:25:04: select format(ifnull(sum(cost), 0), 2) as cost, history_date > (curdate() - interval ? day) as month_index from billing_history_v where customer_id = ? AND history_date > curdate() - interval ? day AND service_provider_id = ? AND service_product_id = ? group by history_date; [30, 7, 60, 1, 2]
2013-10-28 23:25:04: select format(ifnull(sum(cost), 0), 2) as cost, history_date > (curdate() - interval ? day) as month_index from billing_history_v where customer_id = ? AND history_date > curdate() - interval ? day AND service_provider_id = ? AND service_product_id = ? group by history_date; [7, 7, 14, 1, 2]
2013-10-28 23:25:04: select history_date, format(ifnull(sum(cost), 0), 2) as total from billing_history_v where customer_id = ? AND history_date >= curdate() - interval 30 day AND history_date < curdate() AND service_provider_id = ? AND service_product_id = ? group by history_date order by history_date asc limit 30; [7, 1, 2]
2013-10-28 23:25:04: select format(sum(bhv.cost), 2) as total, bhv.service_provider_name as name from billing_history_v bhv join account a on a.id = bhv.account_id where a.deleted = 0 AND bhv.service_provider_id = ? AND bhv.service_product_id = ? group by bhv.service_provider_id; [1, 2]
2013-10-28 23:25:04: select format(sum(bhv.cost), 2) as total, bhv.service_provider_product_name as name from billing_history_v bhv join account a on a.id = bhv.account_id where a.deleted = 0 AND bhv.service_provider_id = ? AND bhv.service_product_id = ? group by bhv.service_product_id; [1, 2]
2013-10-28 23:25:04: select format(sum(bhv.cost), 2) as total, aes_decrypt(a.name, 'h8zukuqeteSw') as name from billing_history_v bhv join account a on a.id = bhv.account_id where a.deleted = 0 AND bhv.service_provider_id = ? AND bhv.service_product_id = ? group by account_id; [1, 2]
2013-10-28 23:27:10: select ? as type, type_id, type_name, sub_type_id, sub_type_name from service_provider_menu_v where customer_id = ?; [provider, 7]
2013-10-28 23:27:10: select format(ifnull(sum(estimate), 0), 2) as value, concat("Last Updated", history_date) as tooltip, "Projection" as label from service_provider_projection_v where customer_id = ? AND type_id = ? AND sub_type_id = ?; [7, 1, 2]
2013-10-28 23:27:10: select format(ifnull(sum(cost), 0), 2) as value, "Last Month" as label from billing_history_v where customer_id = ? AND month(history_date) = month(now() - interval 30 day) AND year(history_date) = year(now() - interval 30 day) AND service_provider_id = ? AND service_product_id = ?; [7, 1, 2]
2013-10-28 23:27:10: select format(ifnull(sum(cost), 0), 2) as value, month(history_date) != month(now()) as month_index, date_format(history_date, "%M") as label from billing_history_v where customer_id = ? AND date_format(history_date, "%Y-%m") in (date_format(now(), "%Y-%m"),date_format(now() - interval 30 day, "%Y-%m")) AND service_provider_id = ? AND service_product_id = ? group by month(history_date) order by history_date; [7, 1, 2]
2013-10-28 23:27:10: select format(ifnull(sum(cost), 0), 2) as cost, history_date > (curdate() - interval ? day) as month_index from billing_history_v where customer_id = ? AND history_date > curdate() - interval ? day AND service_provider_id = ? AND service_product_id = ? group by history_date; [30, 7, 60, 1, 2]
2013-10-28 23:27:10: select format(ifnull(sum(cost), 0), 2) as cost, history_date > (curdate() - interval ? day) as month_index from billing_history_v where customer_id = ? AND history_date > curdate() - interval ? day AND service_provider_id = ? AND service_product_id = ? group by history_date; [7, 7, 14, 1, 2]
2013-10-28 23:27:10: select history_date, format(ifnull(sum(cost), 0), 2) as total from billing_history_v where customer_id = ? AND history_date >= curdate() - interval 30 day AND history_date < curdate() AND service_provider_id = ? AND service_product_id = ? group by history_date order by history_date asc limit 30; [7, 1, 2]
2013-10-28 23:27:10: select format(sum(bhv.cost), 2) as total, aes_decrypt(a.name, 'h8zukuqeteSw') as name from billing_history_v bhv join account a on a.id = bhv.account_id where a.deleted = 0 AND bhv.service_provider_id = ? AND bhv.service_product_id = ? group by account_id; [1, 2]
2013-10-28 23:27:12: select ? as type, type_id, type_name, sub_type_id, sub_type_name from service_provider_menu_v where customer_id = ?; [provider, 7]
2013-10-28 23:27:12: select format(ifnull(sum(estimate), 0), 2) as value, concat("Last Updated", history_date) as tooltip, "Projection" as label from service_provider_projection_v where customer_id = ? AND type_id = ? AND sub_type_id = ?; [7, 1, 1]
2013-10-28 23:27:12: select format(ifnull(sum(cost), 0), 2) as value, "Last Month" as label from billing_history_v where customer_id = ? AND month(history_date) = month(now() - interval 30 day) AND year(history_date) = year(now() - interval 30 day) AND service_provider_id = ? AND service_product_id = ?; [7, 1, 1]
2013-10-28 23:27:12: select format(ifnull(sum(cost), 0), 2) as value, month(history_date) != month(now()) as month_index, date_format(history_date, "%M") as label from billing_history_v where customer_id = ? AND date_format(history_date, "%Y-%m") in (date_format(now(), "%Y-%m"),date_format(now() - interval 30 day, "%Y-%m")) AND service_provider_id = ? AND service_product_id = ? group by month(history_date) order by history_date; [7, 1, 1]
2013-10-28 23:27:12: select format(ifnull(sum(cost), 0), 2) as cost, history_date > (curdate() - interval ? day) as month_index from billing_history_v where customer_id = ? AND history_date > curdate() - interval ? day AND service_provider_id = ? AND service_product_id = ? group by history_date; [30, 7, 60, 1, 1]
2013-10-28 23:27:12: select format(ifnull(sum(cost), 0), 2) as cost, history_date > (curdate() - interval ? day) as month_index from billing_history_v where customer_id = ? AND history_date > curdate() - interval ? day AND service_provider_id = ? AND service_product_id = ? group by history_date; [7, 7, 14, 1, 1]
2013-10-28 23:27:12: select history_date, format(ifnull(sum(cost), 0), 2) as total from billing_history_v where customer_id = ? AND history_date >= curdate() - interval 30 day AND history_date < curdate() AND service_provider_id = ? AND service_product_id = ? group by history_date order by history_date asc limit 30; [7, 1, 1]
2013-10-28 23:27:12: select format(sum(bhv.cost), 2) as total, aes_decrypt(a.name, 'h8zukuqeteSw') as name from billing_history_v bhv join account a on a.id = bhv.account_id where a.deleted = 0 AND bhv.service_provider_id = ? AND bhv.service_product_id = ? group by account_id; [1, 1]
2013-10-28 23:27:13: select ? as type, type_id, type_name, sub_type_id, sub_type_name from service_provider_menu_v where customer_id = ?; [provider, 7]
2013-10-28 23:27:13: select format(ifnull(sum(estimate), 0), 2) as value, concat("Last Updated", history_date) as tooltip, "Projection" as label from service_provider_projection_v where customer_id = ? AND type_id = ?; [7, 1]
2013-10-28 23:27:13: select format(ifnull(sum(cost), 0), 2) as value, "Last Month" as label from billing_history_v where customer_id = ? AND month(history_date) = month(now() - interval 30 day) AND year(history_date) = year(now() - interval 30 day) AND service_provider_id = ?; [7, 1]
2013-10-28 23:27:13: select format(ifnull(sum(cost), 0), 2) as value, month(history_date) != month(now()) as month_index, date_format(history_date, "%M") as label from billing_history_v where customer_id = ? AND date_format(history_date, "%Y-%m") in (date_format(now(), "%Y-%m"),date_format(now() - interval 30 day, "%Y-%m")) AND service_provider_id = ? group by month(history_date) order by history_date; [7, 1]
2013-10-28 23:27:13: select format(ifnull(sum(cost), 0), 2) as cost, history_date > (curdate() - interval ? day) as month_index from billing_history_v where customer_id = ? AND history_date > curdate() - interval ? day AND service_provider_id = ? group by history_date; [30, 7, 60, 1]
2013-10-28 23:27:13: select format(ifnull(sum(cost), 0), 2) as cost, history_date > (curdate() - interval ? day) as month_index from billing_history_v where customer_id = ? AND history_date > curdate() - interval ? day AND service_provider_id = ? group by history_date; [7, 7, 14, 1]
2013-10-28 23:27:13: select history_date, format(ifnull(sum(cost), 0), 2) as total from billing_history_v where customer_id = ? AND history_date >= curdate() - interval 30 day AND history_date < curdate() AND service_provider_id = ? group by history_date order by history_date asc limit 30; [7, 1]
2013-10-28 23:27:13: select format(sum(bhv.cost), 2) as total, bhv.service_provider_product_name as name from billing_history_v bhv join account a on a.id = bhv.account_id where a.deleted = 0 AND bhv.service_provider_id = ? group by bhv.service_product_id; [1]
2013-10-28 23:27:13: select format(sum(bhv.cost), 2) as total, aes_decrypt(a.name, 'h8zukuqeteSw') as name from billing_history_v bhv join account a on a.id = bhv.account_id where a.deleted = 0 AND bhv.service_provider_id = ? group by account_id; [1]
2013-10-28 23:27:16: select ? as type, type_id, type_name, sub_type_id, sub_type_name from service_provider_menu_v where customer_id = ?; [provider, 7]
2013-10-28 23:27:16: select format(ifnull(sum(estimate), 0), 2) as value, concat("Last Updated", history_date) as tooltip, "Projection" as label from service_provider_projection_v where customer_id = ?; [7]
2013-10-28 23:27:16: select format(ifnull(sum(cost), 0), 2) as value, "Last Month" as label from billing_history_v where customer_id = ? AND month(history_date) = month(now() - interval 30 day) AND year(history_date) = year(now() - interval 30 day); [7]
2013-10-28 23:27:16: select format(ifnull(sum(cost), 0), 2) as value, month(history_date) != month(now()) as month_index, date_format(history_date, "%M") as label from billing_history_v where customer_id = ? AND date_format(history_date, "%Y-%m") in (date_format(now(), "%Y-%m"),date_format(now() - interval 30 day, "%Y-%m")) group by month(history_date) order by history_date; [7]
2013-10-28 23:27:16: select format(ifnull(sum(cost), 0), 2) as cost, history_date > (curdate() - interval ? day) as month_index from billing_history_v where customer_id = ? AND history_date > curdate() - interval ? day group by history_date; [30, 7, 60]
2013-10-28 23:27:16: select format(ifnull(sum(cost), 0), 2) as cost, history_date > (curdate() - interval ? day) as month_index from billing_history_v where customer_id = ? AND history_date > curdate() - interval ? day group by history_date; [7, 7, 14]
2013-10-28 23:27:16: select history_date, format(ifnull(sum(cost), 0), 2) as total from billing_history_v where customer_id = ? AND history_date >= curdate() - interval 30 day AND history_date < curdate() group by history_date order by history_date asc limit 30; [7]
2013-10-28 23:27:16: select format(sum(bhv.cost), 2) as total, bhv.service_provider_name as name from billing_history_v bhv join account a on a.id = bhv.account_id where a.deleted = 0 group by bhv.service_provider_id; []
2013-10-28 23:27:16: select format(sum(bhv.cost), 2) as total, bhv.service_provider_product_name as name from billing_history_v bhv join account a on a.id = bhv.account_id where a.deleted = 0 group by bhv.service_product_id; []
2013-10-28 23:27:16: select format(sum(bhv.cost), 2) as total, aes_decrypt(a.name, 'h8zukuqeteSw') as name from billing_history_v bhv join account a on a.id = bhv.account_id where a.deleted = 0 group by account_id; []
2013-10-28 23:27:18: select ? as type, type_id, type_name, sub_type_id, sub_type_name from service_type_menu_v where customer_id = ?; [type, 7]
2013-10-28 23:27:18: select format(ifnull(sum(estimate), 0), 2) as value, concat("Last Updated", history_date) as tooltip, "Projection" as label from service_type_projection_v where customer_id = ?; [7]
2013-10-28 23:27:18: select format(ifnull(sum(cost), 0), 2) as value, "Last Month" as label from billing_history_v where customer_id = ? AND month(history_date) = month(now() - interval 30 day) AND year(history_date) = year(now() - interval 30 day); [7]
2013-10-28 23:27:18: select format(ifnull(sum(cost), 0), 2) as value, month(history_date) != month(now()) as month_index, date_format(history_date, "%M") as label from billing_history_v where customer_id = ? AND date_format(history_date, "%Y-%m") in (date_format(now(), "%Y-%m"),date_format(now() - interval 30 day, "%Y-%m")) group by month(history_date) order by history_date; [7]
2013-10-28 23:27:18: select format(ifnull(sum(cost), 0), 2) as cost, history_date > (curdate() - interval ? day) as month_index from billing_history_v where customer_id = ? AND history_date > curdate() - interval ? day group by history_date; [30, 7, 60]
2013-10-28 23:27:18: select format(ifnull(sum(cost), 0), 2) as cost, history_date > (curdate() - interval ? day) as month_index from billing_history_v where customer_id = ? AND history_date > curdate() - interval ? day group by history_date; [7, 7, 14]
2013-10-28 23:27:18: select history_date, format(ifnull(sum(cost), 0), 2) as total from billing_history_v where customer_id = ? AND history_date >= curdate() - interval 30 day AND history_date < curdate() group by history_date order by history_date asc limit 30; [7]
2013-10-28 23:27:18: select format(sum(bhv.cost), 2) as total, bhv.service_type_name as name from billing_history_v bhv join account a on a.id = bhv.account_id where a.deleted = 0 group by bhv.service_type_id; []
2013-10-28 23:27:18: select format(sum(bhv.cost), 2) as total, bhv.service_type_category_name as name from billing_history_v bhv join account a on a.id = bhv.account_id where a.deleted = 0 group by bhv.service_type_category_id; []
2013-10-28 23:27:18: select format(sum(bhv.cost), 2) as total, aes_decrypt(a.name, 'h8zukuqeteSw') as name from billing_history_v bhv join account a on a.id = bhv.account_id where a.deleted = 0 group by account_id; []
2013-10-28 23:27:21: select ? as type, type_id, type_name, sub_type_id, sub_type_name from service_type_menu_v where customer_id = ?; [type, 7]
2013-10-28 23:27:21: select format(ifnull(sum(estimate), 0), 2) as value, concat("Last Updated", history_date) as tooltip, "Projection" as label from service_type_projection_v where customer_id = ? AND type_id = ?; [7, 1]
2013-10-28 23:27:21: select format(ifnull(sum(cost), 0), 2) as value, "Last Month" as label from billing_history_v where customer_id = ? AND month(history_date) = month(now() - interval 30 day) AND year(history_date) = year(now() - interval 30 day) AND service_type_id = ?; [7, 1]
2013-10-28 23:27:21: select format(ifnull(sum(cost), 0), 2) as value, month(history_date) != month(now()) as month_index, date_format(history_date, "%M") as label from billing_history_v where customer_id = ? AND date_format(history_date, "%Y-%m") in (date_format(now(), "%Y-%m"),date_format(now() - interval 30 day, "%Y-%m")) AND service_type_id = ? group by month(history_date) order by history_date; [7, 1]
2013-10-28 23:27:21: select format(ifnull(sum(cost), 0), 2) as cost, history_date > (curdate() - interval ? day) as month_index from billing_history_v where customer_id = ? AND history_date > curdate() - interval ? day AND service_type_id = ? group by history_date; [30, 7, 60, 1]
2013-10-28 23:27:21: select format(ifnull(sum(cost), 0), 2) as cost, history_date > (curdate() - interval ? day) as month_index from billing_history_v where customer_id = ? AND history_date > curdate() - interval ? day AND service_type_id = ? group by history_date; [7, 7, 14, 1]
2013-10-28 23:27:21: select history_date, format(ifnull(sum(cost), 0), 2) as total from billing_history_v where customer_id = ? AND history_date >= curdate() - interval 30 day AND history_date < curdate() AND service_type_id = ? group by history_date order by history_date asc limit 30; [7, 1]
2013-10-28 23:27:21: select format(sum(bhv.cost), 2) as total, bhv.service_type_category_name as name from billing_history_v bhv join account a on a.id = bhv.account_id where a.deleted = 0 AND bhv.service_type_id = ? group by bhv.service_type_category_id; [1]
2013-10-28 23:27:21: select format(sum(bhv.cost), 2) as total, aes_decrypt(a.name, 'h8zukuqeteSw') as name from billing_history_v bhv join account a on a.id = bhv.account_id where a.deleted = 0 AND bhv.service_type_id = ? group by account_id; [1]
2013-10-28 23:27:27: select ? as type, type_id, type_name, sub_type_id, sub_type_name from service_type_menu_v where customer_id = ?; [type, 7]
2013-10-28 23:27:27: select format(ifnull(sum(estimate), 0), 2) as value, concat("Last Updated", history_date) as tooltip, "Projection" as label from service_type_projection_v where customer_id = ? AND type_id = ? AND sub_type_id = ?; [7, 1, 1]
2013-10-28 23:27:27: select format(ifnull(sum(cost), 0), 2) as value, "Last Month" as label from billing_history_v where customer_id = ? AND month(history_date) = month(now() - interval 30 day) AND year(history_date) = year(now() - interval 30 day) AND service_type_id = ? AND service_type_category_id = ?; [7, 1, 1]
2013-10-28 23:27:27: select format(ifnull(sum(cost), 0), 2) as value, month(history_date) != month(now()) as month_index, date_format(history_date, "%M") as label from billing_history_v where customer_id = ? AND date_format(history_date, "%Y-%m") in (date_format(now(), "%Y-%m"),date_format(now() - interval 30 day, "%Y-%m")) AND service_type_id = ? AND service_type_category_id = ? group by month(history_date) order by history_date; [7, 1, 1]
2013-10-28 23:27:27: select format(ifnull(sum(cost), 0), 2) as cost, history_date > (curdate() - interval ? day) as month_index from billing_history_v where customer_id = ? AND history_date > curdate() - interval ? day AND service_type_id = ? AND service_type_category_id = ? group by history_date; [30, 7, 60, 1, 1]
2013-10-28 23:27:27: select format(ifnull(sum(cost), 0), 2) as cost, history_date > (curdate() - interval ? day) as month_index from billing_history_v where customer_id = ? AND history_date > curdate() - interval ? day AND service_type_id = ? AND service_type_category_id = ? group by history_date; [7, 7, 14, 1, 1]
2013-10-28 23:27:27: select history_date, format(ifnull(sum(cost), 0), 2) as total from billing_history_v where customer_id = ? AND history_date >= curdate() - interval 30 day AND history_date < curdate() AND service_type_id = ? AND service_type_category_id = ? group by history_date order by history_date asc limit 30; [7, 1, 1]
2013-10-28 23:27:27: select format(sum(bhv.cost), 2) as total, aes_decrypt(a.name, 'h8zukuqeteSw') as name from billing_history_v bhv join account a on a.id = bhv.account_id where a.deleted = 0 AND bhv.service_type_id = ? AND bhv.service_type_category_id = ? group by account_id; [1, 1]
2013-10-28 23:27:30: select ? as type, type_id, type_name, sub_type_id, sub_type_name from service_provider_menu_v where customer_id = ?; [provider, 7]
2013-10-28 23:27:30: select format(ifnull(sum(estimate), 0), 2) as value, concat("Last Updated", history_date) as tooltip, "Projection" as label from service_provider_projection_v where customer_id = ?; [7]
2013-10-28 23:27:30: select format(ifnull(sum(cost), 0), 2) as value, "Last Month" as label from billing_history_v where customer_id = ? AND month(history_date) = month(now() - interval 30 day) AND year(history_date) = year(now() - interval 30 day); [7]
2013-10-28 23:27:30: select format(ifnull(sum(cost), 0), 2) as value, month(history_date) != month(now()) as month_index, date_format(history_date, "%M") as label from billing_history_v where customer_id = ? AND date_format(history_date, "%Y-%m") in (date_format(now(), "%Y-%m"),date_format(now() - interval 30 day, "%Y-%m")) group by month(history_date) order by history_date; [7]
2013-10-28 23:27:30: select format(ifnull(sum(cost), 0), 2) as cost, history_date > (curdate() - interval ? day) as month_index from billing_history_v where customer_id = ? AND history_date > curdate() - interval ? day group by history_date; [30, 7, 60]
2013-10-28 23:27:30: select format(ifnull(sum(cost), 0), 2) as cost, history_date > (curdate() - interval ? day) as month_index from billing_history_v where customer_id = ? AND history_date > curdate() - interval ? day group by history_date; [7, 7, 14]
2013-10-28 23:27:30: select history_date, format(ifnull(sum(cost), 0), 2) as total from billing_history_v where customer_id = ? AND history_date >= curdate() - interval 30 day AND history_date < curdate() group by history_date order by history_date asc limit 30; [7]
2013-10-28 23:27:30: select format(sum(bhv.cost), 2) as total, bhv.service_provider_name as name from billing_history_v bhv join account a on a.id = bhv.account_id where a.deleted = 0 group by bhv.service_provider_id; []
2013-10-28 23:27:30: select format(sum(bhv.cost), 2) as total, bhv.service_provider_product_name as name from billing_history_v bhv join account a on a.id = bhv.account_id where a.deleted = 0 group by bhv.service_product_id; []
2013-10-28 23:27:30: select format(sum(bhv.cost), 2) as total, aes_decrypt(a.name, 'h8zukuqeteSw') as name from billing_history_v bhv join account a on a.id = bhv.account_id where a.deleted = 0 group by account_id; []
2013-10-29 08:48:04: select id, external_id, AES_DECRYPT(name,'h8zukuqeteSw') as name, AES_DECRYPT(aws_key,'h8zukuqeteSw') as aws_key, AES_DECRYPT(secret_key,'h8zukuqeteSw') as secret_key from account where customer_id = ? AND deleted = 0; [7]
2013-10-29 08:48:04: select account_id, billing_bucket from master_account where customer_id = ?; [7]
2013-10-29 08:48:05: select ? as type, type_id, type_name, sub_type_id, sub_type_name from service_provider_menu_v where customer_id = ?; [provider, 7]
2013-10-29 08:48:05: select format(ifnull(sum(estimate), 0), 2) as value, concat("Last Updated", history_date) as tooltip, "Projection" as label from service_provider_projection_v where customer_id = ?; [7]
2013-10-29 08:48:05: select format(ifnull(sum(cost), 0), 2) as value, "Last Month" as label from billing_history_v where customer_id = ? AND month(history_date) = month(now() - interval 30 day) AND year(history_date) = year(now() - interval 30 day); [7]
2013-10-29 08:48:05: select format(ifnull(sum(cost), 0), 2) as value, month(history_date) != month(now()) as month_index, date_format(history_date, "%M") as label from billing_history_v where customer_id = ? AND date_format(history_date, "%Y-%m") in (date_format(now(), "%Y-%m"),date_format(now() - interval 30 day, "%Y-%m")) group by month(history_date) order by history_date; [7]
2013-10-29 08:48:05: select format(ifnull(sum(cost), 0), 2) as cost, history_date > (curdate() - interval ? day) as month_index from billing_history_v where customer_id = ? AND history_date > curdate() - interval ? day group by history_date; [30, 7, 60]
2013-10-29 08:48:05: select format(ifnull(sum(cost), 0), 2) as cost, history_date > (curdate() - interval ? day) as month_index from billing_history_v where customer_id = ? AND history_date > curdate() - interval ? day group by history_date; [7, 7, 14]
2013-10-29 08:48:05: select history_date, format(ifnull(sum(cost), 0), 2) as total from billing_history_v where customer_id = ? AND history_date >= curdate() - interval 30 day AND history_date < curdate() group by history_date order by history_date asc limit 30; [7]
2013-10-29 08:48:05: select format(sum(bhv.cost), 2) as total, bhv.service_provider_name as name from billing_history_v bhv join account a on a.id = bhv.account_id where a.deleted = 0 group by bhv.service_provider_id; []
2013-10-29 08:48:05: select format(sum(bhv.cost), 2) as total, bhv.service_provider_product_name as name from billing_history_v bhv join account a on a.id = bhv.account_id where a.deleted = 0 group by bhv.service_product_id; []
2013-10-29 08:48:05: select format(sum(bhv.cost), 2) as total, aes_decrypt(a.name, 'h8zukuqeteSw') as name from billing_history_v bhv join account a on a.id = bhv.account_id where a.deleted = 0 group by account_id; []
2013-10-29 08:49:11: select id, external_id, AES_DECRYPT(name,'h8zukuqeteSw') as name, AES_DECRYPT(aws_key,'h8zukuqeteSw') as aws_key, AES_DECRYPT(secret_key,'h8zukuqeteSw') as secret_key from account where customer_id = ? AND deleted = 0; [7]
2013-10-29 08:49:11: select account_id, billing_bucket from master_account where customer_id = ?; [7]
2013-10-29 08:49:12: select ? as type, type_id, type_name, sub_type_id, sub_type_name from service_provider_menu_v where customer_id = ?; [provider, 7]
2013-10-29 08:49:12: select format(ifnull(sum(estimate), 0), 2) as value, concat("Last Updated", history_date) as tooltip, "Projection" as label from service_provider_projection_v where customer_id = ?; [7]
2013-10-29 08:49:12: select format(ifnull(sum(cost), 0), 2) as value, "Last Month" as label from billing_history_v where customer_id = ? AND month(history_date) = month(now() - interval 30 day) AND year(history_date) = year(now() - interval 30 day); [7]
2013-10-29 08:49:12: select format(ifnull(sum(cost), 0), 2) as value, month(history_date) != month(now()) as month_index, date_format(history_date, "%M") as label from billing_history_v where customer_id = ? AND date_format(history_date, "%Y-%m") in (date_format(now(), "%Y-%m"),date_format(now() - interval 30 day, "%Y-%m")) group by month(history_date) order by history_date; [7]
2013-10-29 08:49:12: select format(ifnull(sum(cost), 0), 2) as cost, history_date > (curdate() - interval ? day) as month_index from billing_history_v where customer_id = ? AND history_date > curdate() - interval ? day group by history_date; [30, 7, 60]
2013-10-29 08:49:12: select format(ifnull(sum(cost), 0), 2) as cost, history_date > (curdate() - interval ? day) as month_index from billing_history_v where customer_id = ? AND history_date > curdate() - interval ? day group by history_date; [7, 7, 14]
2013-10-29 08:49:12: select history_date, format(ifnull(sum(cost), 0), 2) as total from billing_history_v where customer_id = ? AND history_date >= curdate() - interval 30 day AND history_date < curdate() group by history_date order by history_date asc limit 30; [7]
2013-10-29 08:49:12: select format(sum(bhv.cost), 2) as total, bhv.service_provider_name as name from billing_history_v bhv join account a on a.id = bhv.account_id where a.deleted = 0 group by bhv.service_provider_id; []
2013-10-29 08:49:12: select format(sum(bhv.cost), 2) as total, bhv.service_provider_product_name as name from billing_history_v bhv join account a on a.id = bhv.account_id where a.deleted = 0 group by bhv.service_product_id; []
2013-10-29 08:49:12: select format(sum(bhv.cost), 2) as total, aes_decrypt(a.name, 'h8zukuqeteSw') as name from billing_history_v bhv join account a on a.id = bhv.account_id where a.deleted = 0 group by account_id; []
2013-10-29 08:50:04: select id, external_id, AES_DECRYPT(name,'h8zukuqeteSw') as name, AES_DECRYPT(aws_key,'h8zukuqeteSw') as aws_key, AES_DECRYPT(secret_key,'h8zukuqeteSw') as secret_key from account where customer_id = ? AND deleted = 0; [7]
2013-10-29 08:50:04: select account_id, billing_bucket from master_account where customer_id = ?; [7]
2013-10-29 08:50:05: select id, external_id, AES_DECRYPT(name,'h8zukuqeteSw') as name, AES_DECRYPT(aws_key,'h8zukuqeteSw') as aws_key, AES_DECRYPT(secret_key,'h8zukuqeteSw') as secret_key from account where customer_id = ? AND deleted = 0; [7]
2013-10-29 08:50:05: select account_id, billing_bucket from master_account where customer_id = ?; [7]
2013-10-29 08:50:06: select ? as type, type_id, type_name, sub_type_id, sub_type_name from service_provider_menu_v where customer_id = ?; [provider, 7]
2013-10-29 08:50:06: select format(ifnull(sum(estimate), 0), 2) as value, concat("Last Updated", history_date) as tooltip, "Projection" as label from service_provider_projection_v where customer_id = ?; [7]
2013-10-29 08:50:06: select format(ifnull(sum(cost), 0), 2) as value, "Last Month" as label from billing_history_v where customer_id = ? AND month(history_date) = month(now() - interval 30 day) AND year(history_date) = year(now() - interval 30 day); [7]
2013-10-29 08:50:06: select format(ifnull(sum(cost), 0), 2) as value, month(history_date) != month(now()) as month_index, date_format(history_date, "%M") as label from billing_history_v where customer_id = ? AND date_format(history_date, "%Y-%m") in (date_format(now(), "%Y-%m"),date_format(now() - interval 30 day, "%Y-%m")) group by month(history_date) order by history_date; [7]
2013-10-29 08:50:06: select format(ifnull(sum(cost), 0), 2) as cost, history_date > (curdate() - interval ? day) as month_index from billing_history_v where customer_id = ? AND history_date > curdate() - interval ? day group by history_date; [30, 7, 60]
2013-10-29 08:50:06: select format(ifnull(sum(cost), 0), 2) as cost, history_date > (curdate() - interval ? day) as month_index from billing_history_v where customer_id = ? AND history_date > curdate() - interval ? day group by history_date; [7, 7, 14]
2013-10-29 08:50:06: select history_date, format(ifnull(sum(cost), 0), 2) as total from billing_history_v where customer_id = ? AND history_date >= curdate() - interval 30 day AND history_date < curdate() group by history_date order by history_date asc limit 30; [7]
2013-10-29 08:50:06: select format(sum(bhv.cost), 2) as total, bhv.service_provider_name as name from billing_history_v bhv join account a on a.id = bhv.account_id where a.deleted = 0 group by bhv.service_provider_id; []
2013-10-29 08:50:06: select format(sum(bhv.cost), 2) as total, bhv.service_provider_product_name as name from billing_history_v bhv join account a on a.id = bhv.account_id where a.deleted = 0 group by bhv.service_product_id; []
2013-10-29 08:50:06: select format(sum(bhv.cost), 2) as total, aes_decrypt(a.name, 'h8zukuqeteSw') as name from billing_history_v bhv join account a on a.id = bhv.account_id where a.deleted = 0 group by account_id; []
